Namespace(batch_size=32, epochs=350, eval=False, exp_name='pointMLP_demo1', lr=0.003, manual_seed=None, model='pointMLP', model_type='insiou', momentum=0.9, no_cuda=False, num_points=2048, resume=False, scheduler='step', step=40, test_batch_size=32, use_sgd=False, workers=12)
Using GPU
PointMLP(
  (embedding): ConvBNReLU1D(
    (act): ReLU(inplace=True)
    (net): Sequential(
      (0): Conv1d(6, 64, kernel_size=(1,), stride=(1,))
      (1): BatchNorm1d(64, eps=1e-05, momentum=0.1, affine=True, track_running_stats=True)
      (2): ReLU(inplace=True)
    )
  )
  (local_grouper_list): ModuleList(
    (0): LocalGrouper()
    (1): LocalGrouper()
    (2): LocalGrouper()
    (3): LocalGrouper()
  )
  (pre_blocks_list): ModuleList(
    (0): PreExtraction(
      (transfer): ConvBNReLU1D(
        (act): ReLU(inplace=True)
        (net): Sequential(
          (0): Conv1d(131, 128, kernel_size=(1,), stride=(1,))
          (1): BatchNorm1d(128, eps=1e-05, momentum=0.1, affine=True, track_running_stats=True)
          (2): ReLU(inplace=True)
        )
      )
      (operation): Sequential(
        (0): ConvBNReLURes1D(
          (act): ReLU(inplace=True)
          (net1): Sequential(
            (0): Conv1d(128, 128, kernel_size=(1,), stride=(1,))
            (1): BatchNorm1d(128, eps=1e-05, momentum=0.1, affine=True, track_running_stats=True)
            (2): ReLU(inplace=True)
          )
          (net2): Sequential(
            (0): Conv1d(128, 128, kernel_size=(1,), stride=(1,))
            (1): BatchNorm1d(128, eps=1e-05, momentum=0.1, affine=True, track_running_stats=True)
          )
        )
        (1): ConvBNReLURes1D(
          (act): ReLU(inplace=True)
          (net1): Sequential(
            (0): Conv1d(128, 128, kernel_size=(1,), stride=(1,))
            (1): BatchNorm1d(128, eps=1e-05, momentum=0.1, affine=True, track_running_stats=True)
            (2): ReLU(inplace=True)
          )
          (net2): Sequential(
            (0): Conv1d(128, 128, kernel_size=(1,), stride=(1,))
            (1): BatchNorm1d(128, eps=1e-05, momentum=0.1, affine=True, track_running_stats=True)
          )
        )
      )
    )
    (1): PreExtraction(
      (transfer): ConvBNReLU1D(
        (act): ReLU(inplace=True)
        (net): Sequential(
          (0): Conv1d(259, 256, kernel_size=(1,), stride=(1,))
          (1): BatchNorm1d(256, eps=1e-05, momentum=0.1, affine=True, track_running_stats=True)
          (2): ReLU(inplace=True)
        )
      )
      (operation): Sequential(
        (0): ConvBNReLURes1D(
          (act): ReLU(inplace=True)
          (net1): Sequential(
            (0): Conv1d(256, 256, kernel_size=(1,), stride=(1,))
            (1): BatchNorm1d(256, eps=1e-05, momentum=0.1, affine=True, track_running_stats=True)
            (2): ReLU(inplace=True)
          )
          (net2): Sequential(
            (0): Conv1d(256, 256, kernel_size=(1,), stride=(1,))
            (1): BatchNorm1d(256, eps=1e-05, momentum=0.1, affine=True, track_running_stats=True)
          )
        )
        (1): ConvBNReLURes1D(
          (act): ReLU(inplace=True)
          (net1): Sequential(
            (0): Conv1d(256, 256, kernel_size=(1,), stride=(1,))
            (1): BatchNorm1d(256, eps=1e-05, momentum=0.1, affine=True, track_running_stats=True)
            (2): ReLU(inplace=True)
          )
          (net2): Sequential(
            (0): Conv1d(256, 256, kernel_size=(1,), stride=(1,))
            (1): BatchNorm1d(256, eps=1e-05, momentum=0.1, affine=True, track_running_stats=True)
          )
        )
      )
    )
    (2): PreExtraction(
      (transfer): ConvBNReLU1D(
        (act): ReLU(inplace=True)
        (net): Sequential(
          (0): Conv1d(515, 512, kernel_size=(1,), stride=(1,))
          (1): BatchNorm1d(512, eps=1e-05, momentum=0.1, affine=True, track_running_stats=True)
          (2): ReLU(inplace=True)
        )
      )
      (operation): Sequential(
        (0): ConvBNReLURes1D(
          (act): ReLU(inplace=True)
          (net1): Sequential(
            (0): Conv1d(512, 512, kernel_size=(1,), stride=(1,))
            (1): BatchNorm1d(512, eps=1e-05, momentum=0.1, affine=True, track_running_stats=True)
            (2): ReLU(inplace=True)
          )
          (net2): Sequential(
            (0): Conv1d(512, 512, kernel_size=(1,), stride=(1,))
            (1): BatchNorm1d(512, eps=1e-05, momentum=0.1, affine=True, track_running_stats=True)
          )
        )
        (1): ConvBNReLURes1D(
          (act): ReLU(inplace=True)
          (net1): Sequential(
            (0): Conv1d(512, 512, kernel_size=(1,), stride=(1,))
            (1): BatchNorm1d(512, eps=1e-05, momentum=0.1, affine=True, track_running_stats=True)
            (2): ReLU(inplace=True)
          )
          (net2): Sequential(
            (0): Conv1d(512, 512, kernel_size=(1,), stride=(1,))
            (1): BatchNorm1d(512, eps=1e-05, momentum=0.1, affine=True, track_running_stats=True)
          )
        )
      )
    )
    (3): PreExtraction(
      (transfer): ConvBNReLU1D(
        (act): ReLU(inplace=True)
        (net): Sequential(
          (0): Conv1d(1027, 1024, kernel_size=(1,), stride=(1,))
          (1): BatchNorm1d(1024, eps=1e-05, momentum=0.1, affine=True, track_running_stats=True)
          (2): ReLU(inplace=True)
        )
      )
      (operation): Sequential(
        (0): ConvBNReLURes1D(
          (act): ReLU(inplace=True)
          (net1): Sequential(
            (0): Conv1d(1024, 1024, kernel_size=(1,), stride=(1,))
            (1): BatchNorm1d(1024, eps=1e-05, momentum=0.1, affine=True, track_running_stats=True)
            (2): ReLU(inplace=True)
          )
          (net2): Sequential(
            (0): Conv1d(1024, 1024, kernel_size=(1,), stride=(1,))
            (1): BatchNorm1d(1024, eps=1e-05, momentum=0.1, affine=True, track_running_stats=True)
          )
        )
        (1): ConvBNReLURes1D(
          (act): ReLU(inplace=True)
          (net1): Sequential(
            (0): Conv1d(1024, 1024, kernel_size=(1,), stride=(1,))
            (1): BatchNorm1d(1024, eps=1e-05, momentum=0.1, affine=True, track_running_stats=True)
            (2): ReLU(inplace=True)
          )
          (net2): Sequential(
            (0): Conv1d(1024, 1024, kernel_size=(1,), stride=(1,))
            (1): BatchNorm1d(1024, eps=1e-05, momentum=0.1, affine=True, track_running_stats=True)
          )
        )
      )
    )
  )
  (pos_blocks_list): ModuleList(
    (0): PosExtraction(
      (operation): Sequential(
        (0): ConvBNReLURes1D(
          (act): ReLU(inplace=True)
          (net1): Sequential(
            (0): Conv1d(128, 128, kernel_size=(1,), stride=(1,))
            (1): BatchNorm1d(128, eps=1e-05, momentum=0.1, affine=True, track_running_stats=True)
            (2): ReLU(inplace=True)
          )
          (net2): Sequential(
            (0): Conv1d(128, 128, kernel_size=(1,), stride=(1,))
            (1): BatchNorm1d(128, eps=1e-05, momentum=0.1, affine=True, track_running_stats=True)
          )
        )
        (1): ConvBNReLURes1D(
          (act): ReLU(inplace=True)
          (net1): Sequential(
            (0): Conv1d(128, 128, kernel_size=(1,), stride=(1,))
            (1): BatchNorm1d(128, eps=1e-05, momentum=0.1, affine=True, track_running_stats=True)
            (2): ReLU(inplace=True)
          )
          (net2): Sequential(
            (0): Conv1d(128, 128, kernel_size=(1,), stride=(1,))
            (1): BatchNorm1d(128, eps=1e-05, momentum=0.1, affine=True, track_running_stats=True)
          )
        )
      )
    )
    (1): PosExtraction(
      (operation): Sequential(
        (0): ConvBNReLURes1D(
          (act): ReLU(inplace=True)
          (net1): Sequential(
            (0): Conv1d(256, 256, kernel_size=(1,), stride=(1,))
            (1): BatchNorm1d(256, eps=1e-05, momentum=0.1, affine=True, track_running_stats=True)
            (2): ReLU(inplace=True)
          )
          (net2): Sequential(
            (0): Conv1d(256, 256, kernel_size=(1,), stride=(1,))
            (1): BatchNorm1d(256, eps=1e-05, momentum=0.1, affine=True, track_running_stats=True)
          )
        )
        (1): ConvBNReLURes1D(
          (act): ReLU(inplace=True)
          (net1): Sequential(
            (0): Conv1d(256, 256, kernel_size=(1,), stride=(1,))
            (1): BatchNorm1d(256, eps=1e-05, momentum=0.1, affine=True, track_running_stats=True)
            (2): ReLU(inplace=True)
          )
          (net2): Sequential(
            (0): Conv1d(256, 256, kernel_size=(1,), stride=(1,))
            (1): BatchNorm1d(256, eps=1e-05, momentum=0.1, affine=True, track_running_stats=True)
          )
        )
      )
    )
    (2): PosExtraction(
      (operation): Sequential(
        (0): ConvBNReLURes1D(
          (act): ReLU(inplace=True)
          (net1): Sequential(
            (0): Conv1d(512, 512, kernel_size=(1,), stride=(1,))
            (1): BatchNorm1d(512, eps=1e-05, momentum=0.1, affine=True, track_running_stats=True)
            (2): ReLU(inplace=True)
          )
          (net2): Sequential(
            (0): Conv1d(512, 512, kernel_size=(1,), stride=(1,))
            (1): BatchNorm1d(512, eps=1e-05, momentum=0.1, affine=True, track_running_stats=True)
          )
        )
        (1): ConvBNReLURes1D(
          (act): ReLU(inplace=True)
          (net1): Sequential(
            (0): Conv1d(512, 512, kernel_size=(1,), stride=(1,))
            (1): BatchNorm1d(512, eps=1e-05, momentum=0.1, affine=True, track_running_stats=True)
            (2): ReLU(inplace=True)
          )
          (net2): Sequential(
            (0): Conv1d(512, 512, kernel_size=(1,), stride=(1,))
            (1): BatchNorm1d(512, eps=1e-05, momentum=0.1, affine=True, track_running_stats=True)
          )
        )
      )
    )
    (3): PosExtraction(
      (operation): Sequential(
        (0): ConvBNReLURes1D(
          (act): ReLU(inplace=True)
          (net1): Sequential(
            (0): Conv1d(1024, 1024, kernel_size=(1,), stride=(1,))
            (1): BatchNorm1d(1024, eps=1e-05, momentum=0.1, affine=True, track_running_stats=True)
            (2): ReLU(inplace=True)
          )
          (net2): Sequential(
            (0): Conv1d(1024, 1024, kernel_size=(1,), stride=(1,))
            (1): BatchNorm1d(1024, eps=1e-05, momentum=0.1, affine=True, track_running_stats=True)
          )
        )
        (1): ConvBNReLURes1D(
          (act): ReLU(inplace=True)
          (net1): Sequential(
            (0): Conv1d(1024, 1024, kernel_size=(1,), stride=(1,))
            (1): BatchNorm1d(1024, eps=1e-05, momentum=0.1, affine=True, track_running_stats=True)
            (2): ReLU(inplace=True)
          )
          (net2): Sequential(
            (0): Conv1d(1024, 1024, kernel_size=(1,), stride=(1,))
            (1): BatchNorm1d(1024, eps=1e-05, momentum=0.1, affine=True, track_running_stats=True)
          )
        )
      )
    )
  )
  (decode_list): ModuleList(
    (0): PointNetFeaturePropagation(
      (fuse): ConvBNReLU1D(
        (act): ReLU(inplace=True)
        (net): Sequential(
          (0): Conv1d(1536, 512, kernel_size=(1,), stride=(1,))
          (1): BatchNorm1d(512, eps=1e-05, momentum=0.1, affine=True, track_running_stats=True)
          (2): ReLU(inplace=True)
        )
      )
      (extraction): PosExtraction(
        (operation): Sequential(
          (0): ConvBNReLURes1D(
            (act): ReLU(inplace=True)
            (net1): Sequential(
              (0): Conv1d(512, 512, kernel_size=(1,), stride=(1,))
              (1): BatchNorm1d(512, eps=1e-05, momentum=0.1, affine=True, track_running_stats=True)
              (2): ReLU(inplace=True)
            )
            (net2): Sequential(
              (0): Conv1d(512, 512, kernel_size=(1,), stride=(1,))
              (1): BatchNorm1d(512, eps=1e-05, momentum=0.1, affine=True, track_running_stats=True)
            )
          )
          (1): ConvBNReLURes1D(
            (act): ReLU(inplace=True)
            (net1): Sequential(
              (0): Conv1d(512, 512, kernel_size=(1,), stride=(1,))
              (1): BatchNorm1d(512, eps=1e-05, momentum=0.1, affine=True, track_running_stats=True)
              (2): ReLU(inplace=True)
            )
            (net2): Sequential(
              (0): Conv1d(512, 512, kernel_size=(1,), stride=(1,))
              (1): BatchNorm1d(512, eps=1e-05, momentum=0.1, affine=True, track_running_stats=True)
            )
          )
          (2): ConvBNReLURes1D(
            (act): ReLU(inplace=True)
            (net1): Sequential(
              (0): Conv1d(512, 512, kernel_size=(1,), stride=(1,))
              (1): BatchNorm1d(512, eps=1e-05, momentum=0.1, affine=True, track_running_stats=True)
              (2): ReLU(inplace=True)
            )
            (net2): Sequential(
              (0): Conv1d(512, 512, kernel_size=(1,), stride=(1,))
              (1): BatchNorm1d(512, eps=1e-05, momentum=0.1, affine=True, track_running_stats=True)
            )
          )
          (3): ConvBNReLURes1D(
            (act): ReLU(inplace=True)
            (net1): Sequential(
              (0): Conv1d(512, 512, kernel_size=(1,), stride=(1,))
              (1): BatchNorm1d(512, eps=1e-05, momentum=0.1, affine=True, track_running_stats=True)
              (2): ReLU(inplace=True)
            )
            (net2): Sequential(
              (0): Conv1d(512, 512, kernel_size=(1,), stride=(1,))
              (1): BatchNorm1d(512, eps=1e-05, momentum=0.1, affine=True, track_running_stats=True)
            )
          )
        )
      )
    )
    (1): PointNetFeaturePropagation(
      (fuse): ConvBNReLU1D(
        (act): ReLU(inplace=True)
        (net): Sequential(
          (0): Conv1d(768, 256, kernel_size=(1,), stride=(1,))
          (1): BatchNorm1d(256, eps=1e-05, momentum=0.1, affine=True, track_running_stats=True)
          (2): ReLU(inplace=True)
        )
      )
      (extraction): PosExtraction(
        (operation): Sequential(
          (0): ConvBNReLURes1D(
            (act): ReLU(inplace=True)
            (net1): Sequential(
              (0): Conv1d(256, 256, kernel_size=(1,), stride=(1,))
              (1): BatchNorm1d(256, eps=1e-05, momentum=0.1, affine=True, track_running_stats=True)
              (2): ReLU(inplace=True)
            )
            (net2): Sequential(
              (0): Conv1d(256, 256, kernel_size=(1,), stride=(1,))
              (1): BatchNorm1d(256, eps=1e-05, momentum=0.1, affine=True, track_running_stats=True)
            )
          )
          (1): ConvBNReLURes1D(
            (act): ReLU(inplace=True)
            (net1): Sequential(
              (0): Conv1d(256, 256, kernel_size=(1,), stride=(1,))
              (1): BatchNorm1d(256, eps=1e-05, momentum=0.1, affine=True, track_running_stats=True)
              (2): ReLU(inplace=True)
            )
            (net2): Sequential(
              (0): Conv1d(256, 256, kernel_size=(1,), stride=(1,))
              (1): BatchNorm1d(256, eps=1e-05, momentum=0.1, affine=True, track_running_stats=True)
            )
          )
          (2): ConvBNReLURes1D(
            (act): ReLU(inplace=True)
            (net1): Sequential(
              (0): Conv1d(256, 256, kernel_size=(1,), stride=(1,))
              (1): BatchNorm1d(256, eps=1e-05, momentum=0.1, affine=True, track_running_stats=True)
              (2): ReLU(inplace=True)
            )
            (net2): Sequential(
              (0): Conv1d(256, 256, kernel_size=(1,), stride=(1,))
              (1): BatchNorm1d(256, eps=1e-05, momentum=0.1, affine=True, track_running_stats=True)
            )
          )
          (3): ConvBNReLURes1D(
            (act): ReLU(inplace=True)
            (net1): Sequential(
              (0): Conv1d(256, 256, kernel_size=(1,), stride=(1,))
              (1): BatchNorm1d(256, eps=1e-05, momentum=0.1, affine=True, track_running_stats=True)
              (2): ReLU(inplace=True)
            )
            (net2): Sequential(
              (0): Conv1d(256, 256, kernel_size=(1,), stride=(1,))
              (1): BatchNorm1d(256, eps=1e-05, momentum=0.1, affine=True, track_running_stats=True)
            )
          )
        )
      )
    )
    (2): PointNetFeaturePropagation(
      (fuse): ConvBNReLU1D(
        (act): ReLU(inplace=True)
        (net): Sequential(
          (0): Conv1d(384, 128, kernel_size=(1,), stride=(1,))
          (1): BatchNorm1d(128, eps=1e-05, momentum=0.1, affine=True, track_running_stats=True)
          (2): ReLU(inplace=True)
        )
      )
      (extraction): PosExtraction(
        (operation): Sequential(
          (0): ConvBNReLURes1D(
            (act): ReLU(inplace=True)
            (net1): Sequential(
              (0): Conv1d(128, 128, kernel_size=(1,), stride=(1,))
              (1): BatchNorm1d(128, eps=1e-05, momentum=0.1, affine=True, track_running_stats=True)
              (2): ReLU(inplace=True)
            )
            (net2): Sequential(
              (0): Conv1d(128, 128, kernel_size=(1,), stride=(1,))
              (1): BatchNorm1d(128, eps=1e-05, momentum=0.1, affine=True, track_running_stats=True)
            )
          )
          (1): ConvBNReLURes1D(
            (act): ReLU(inplace=True)
            (net1): Sequential(
              (0): Conv1d(128, 128, kernel_size=(1,), stride=(1,))
              (1): BatchNorm1d(128, eps=1e-05, momentum=0.1, affine=True, track_running_stats=True)
              (2): ReLU(inplace=True)
            )
            (net2): Sequential(
              (0): Conv1d(128, 128, kernel_size=(1,), stride=(1,))
              (1): BatchNorm1d(128, eps=1e-05, momentum=0.1, affine=True, track_running_stats=True)
            )
          )
          (2): ConvBNReLURes1D(
            (act): ReLU(inplace=True)
            (net1): Sequential(
              (0): Conv1d(128, 128, kernel_size=(1,), stride=(1,))
              (1): BatchNorm1d(128, eps=1e-05, momentum=0.1, affine=True, track_running_stats=True)
              (2): ReLU(inplace=True)
            )
            (net2): Sequential(
              (0): Conv1d(128, 128, kernel_size=(1,), stride=(1,))
              (1): BatchNorm1d(128, eps=1e-05, momentum=0.1, affine=True, track_running_stats=True)
            )
          )
          (3): ConvBNReLURes1D(
            (act): ReLU(inplace=True)
            (net1): Sequential(
              (0): Conv1d(128, 128, kernel_size=(1,), stride=(1,))
              (1): BatchNorm1d(128, eps=1e-05, momentum=0.1, affine=True, track_running_stats=True)
              (2): ReLU(inplace=True)
            )
            (net2): Sequential(
              (0): Conv1d(128, 128, kernel_size=(1,), stride=(1,))
              (1): BatchNorm1d(128, eps=1e-05, momentum=0.1, affine=True, track_running_stats=True)
            )
          )
        )
      )
    )
    (3): PointNetFeaturePropagation(
      (fuse): ConvBNReLU1D(
        (act): ReLU(inplace=True)
        (net): Sequential(
          (0): Conv1d(192, 128, kernel_size=(1,), stride=(1,))
          (1): BatchNorm1d(128, eps=1e-05, momentum=0.1, affine=True, track_running_stats=True)
          (2): ReLU(inplace=True)
        )
      )
      (extraction): PosExtraction(
        (operation): Sequential(
          (0): ConvBNReLURes1D(
            (act): ReLU(inplace=True)
            (net1): Sequential(
              (0): Conv1d(128, 128, kernel_size=(1,), stride=(1,))
              (1): BatchNorm1d(128, eps=1e-05, momentum=0.1, affine=True, track_running_stats=True)
              (2): ReLU(inplace=True)
            )
            (net2): Sequential(
              (0): Conv1d(128, 128, kernel_size=(1,), stride=(1,))
              (1): BatchNorm1d(128, eps=1e-05, momentum=0.1, affine=True, track_running_stats=True)
            )
          )
          (1): ConvBNReLURes1D(
            (act): ReLU(inplace=True)
            (net1): Sequential(
              (0): Conv1d(128, 128, kernel_size=(1,), stride=(1,))
              (1): BatchNorm1d(128, eps=1e-05, momentum=0.1, affine=True, track_running_stats=True)
              (2): ReLU(inplace=True)
            )
            (net2): Sequential(
              (0): Conv1d(128, 128, kernel_size=(1,), stride=(1,))
              (1): BatchNorm1d(128, eps=1e-05, momentum=0.1, affine=True, track_running_stats=True)
            )
          )
          (2): ConvBNReLURes1D(
            (act): ReLU(inplace=True)
            (net1): Sequential(
              (0): Conv1d(128, 128, kernel_size=(1,), stride=(1,))
              (1): BatchNorm1d(128, eps=1e-05, momentum=0.1, affine=True, track_running_stats=True)
              (2): ReLU(inplace=True)
            )
            (net2): Sequential(
              (0): Conv1d(128, 128, kernel_size=(1,), stride=(1,))
              (1): BatchNorm1d(128, eps=1e-05, momentum=0.1, affine=True, track_running_stats=True)
            )
          )
          (3): ConvBNReLURes1D(
            (act): ReLU(inplace=True)
            (net1): Sequential(
              (0): Conv1d(128, 128, kernel_size=(1,), stride=(1,))
              (1): BatchNorm1d(128, eps=1e-05, momentum=0.1, affine=True, track_running_stats=True)
              (2): ReLU(inplace=True)
            )
            (net2): Sequential(
              (0): Conv1d(128, 128, kernel_size=(1,), stride=(1,))
              (1): BatchNorm1d(128, eps=1e-05, momentum=0.1, affine=True, track_running_stats=True)
            )
          )
        )
      )
    )
  )
  (act): ReLU(inplace=True)
  (cls_map): Sequential(
    (0): ConvBNReLU1D(
      (act): ReLU(inplace=True)
      (net): Sequential(
        (0): Conv1d(16, 64, kernel_size=(1,), stride=(1,))
        (1): BatchNorm1d(64, eps=1e-05, momentum=0.1, affine=True, track_running_stats=True)
        (2): ReLU(inplace=True)
      )
    )
    (1): ConvBNReLU1D(
      (act): ReLU(inplace=True)
      (net): Sequential(
        (0): Conv1d(64, 64, kernel_size=(1,), stride=(1,))
        (1): BatchNorm1d(64, eps=1e-05, momentum=0.1, affine=True, track_running_stats=True)
        (2): ReLU(inplace=True)
      )
    )
  )
  (gmp_map_list): ModuleList(
    (0): ConvBNReLU1D(
      (act): ReLU(inplace=True)
      (net): Sequential(
        (0): Conv1d(1024, 64, kernel_size=(1,), stride=(1,))
        (1): BatchNorm1d(64, eps=1e-05, momentum=0.1, affine=True, track_running_stats=True)
        (2): ReLU(inplace=True)
      )
    )
    (1): ConvBNReLU1D(
      (act): ReLU(inplace=True)
      (net): Sequential(
        (0): Conv1d(512, 64, kernel_size=(1,), stride=(1,))
        (1): BatchNorm1d(64, eps=1e-05, momentum=0.1, affine=True, track_running_stats=True)
        (2): ReLU(inplace=True)
      )
    )
    (2): ConvBNReLU1D(
      (act): ReLU(inplace=True)
      (net): Sequential(
        (0): Conv1d(256, 64, kernel_size=(1,), stride=(1,))
        (1): BatchNorm1d(64, eps=1e-05, momentum=0.1, affine=True, track_running_stats=True)
        (2): ReLU(inplace=True)
      )
    )
    (3): ConvBNReLU1D(
      (act): ReLU(inplace=True)
      (net): Sequential(
        (0): Conv1d(128, 64, kernel_size=(1,), stride=(1,))
        (1): BatchNorm1d(64, eps=1e-05, momentum=0.1, affine=True, track_running_stats=True)
        (2): ReLU(inplace=True)
      )
    )
    (4): ConvBNReLU1D(
      (act): ReLU(inplace=True)
      (net): Sequential(
        (0): Conv1d(64, 64, kernel_size=(1,), stride=(1,))
        (1): BatchNorm1d(64, eps=1e-05, momentum=0.1, affine=True, track_running_stats=True)
        (2): ReLU(inplace=True)
      )
    )
  )
  (gmp_map_end): ConvBNReLU1D(
    (act): ReLU(inplace=True)
    (net): Sequential(
      (0): Conv1d(320, 64, kernel_size=(1,), stride=(1,))
      (1): BatchNorm1d(64, eps=1e-05, momentum=0.1, affine=True, track_running_stats=True)
      (2): ReLU(inplace=True)
    )
  )
  (classifier): Sequential(
    (0): Conv1d(256, 128, kernel_size=(1,), stride=(1,))
    (1): BatchNorm1d(128, eps=1e-05, momentum=0.1, affine=True, track_running_stats=True)
    (2): Dropout(p=0.5, inplace=False)
    (3): Conv1d(128, 50, kernel_size=(1,), stride=(1,))
  )
)
Learning rate: 0.003000
Train 1, loss: 0.420154, train acc: 0.869212, train ins_iou: 0.718536
Test 1, loss: 0.296141, test acc: 0.890404  test ins_iou: 0.747243
Max Acc:0.89040
Max instance iou:0.74724
aero iou: 0.72103786
bag iou: 0.4730787
cap iou: 0.7272902
car iou: 0.6364292
chair iou: 0.8403238
ear iou: 0.40452197
guitar iou: 0.8395419
knife iou: 0.79150057
lamp iou: 0.6423261
lapt iou: 0.9492849
moto iou: 0.15690377
mug iou: 0.5237865
Pistol iou: 0.6758856
rock iou: 0.4540485
stake iou: 0.63911194
table iou: 0.763046
Max class iou:0.63988
Learning rate: 0.003000
Train 2, loss: 0.254334, train acc: 0.910022, train ins_iou: 0.781809
Test 2, loss: 0.257228, test acc: 0.904165  test ins_iou: 0.769896
Max Acc:0.90416
Max instance iou:0.76990
aero iou: 0.7346566
bag iou: 0.5421645
cap iou: 0.3650568
car iou: 0.59386325
chair iou: 0.8441095
ear iou: 0.57032484
guitar iou: 0.8548627
knife iou: 0.8000151
lamp iou: 0.7044429
lapt iou: 0.94949645
moto iou: 0.19885242
mug iou: 0.90366155
Pistol iou: 0.6929149
rock iou: 0.38252354
stake iou: 0.64844745
table iou: 0.7955495
Max class iou:0.66131
Learning rate: 0.003000
Train 3, loss: 0.232361, train acc: 0.917673, train ins_iou: 0.795909
Test 3, loss: 0.271481, test acc: 0.900524  test ins_iou: 0.774197
Max instance iou:0.77420
aero iou: 0.7550506
bag iou: 0.45700392
cap iou: 0.81315005
car iou: 0.6538011
chair iou: 0.8678085
ear iou: 0.37732238
guitar iou: 0.81595355
knife iou: 0.7831233
lamp iou: 0.7156473
lapt iou: 0.9461484
moto iou: 0.27141118
mug iou: 0.8979475
Pistol iou: 0.66926026
rock iou: 0.5372622
stake iou: 0.5527984
table iou: 0.7737241
Max class iou:0.68046
Learning rate: 0.003000
Train 4, loss: 0.219799, train acc: 0.921965, train ins_iou: 0.803292
Test 4, loss: 0.242399, test acc: 0.910592  test ins_iou: 0.787017
Max Acc:0.91059
Max instance iou:0.78702
aero iou: 0.77254736
bag iou: 0.5404878
cap iou: 0.6949678
car iou: 0.6460894
chair iou: 0.8743963
ear iou: 0.62709993
guitar iou: 0.85951906
knife iou: 0.81965053
lamp iou: 0.72010493
lapt iou: 0.9508531
moto iou: 0.2650358
mug iou: 0.7069492
Pistol iou: 0.7060727
rock iou: 0.38104832
stake iou: 0.682162
table iou: 0.79307175
Max class iou:0.69000
Learning rate: 0.003000
Train 5, loss: 0.212768, train acc: 0.924659, train ins_iou: 0.808804
Test 5, loss: 0.220169, test acc: 0.919905  test ins_iou: 0.796047
Max Acc:0.91991
Max instance iou:0.79605
aero iou: 0.77281773
bag iou: 0.6982687
cap iou: 0.7824614
car iou: 0.6969949
chair iou: 0.8781614
ear iou: 0.57988256
guitar iou: 0.86764336
knife iou: 0.8268331
lamp iou: 0.7089926
lapt iou: 0.947081
moto iou: 0.43371353
mug iou: 0.6615901
Pistol iou: 0.681372
rock iou: 0.5520919
stake iou: 0.7078717
table iou: 0.7997241
Max class iou:0.72472
Learning rate: 0.003000
Train 6, loss: 0.203509, train acc: 0.927863, train ins_iou: 0.815552
Test 6, loss: 0.250198, test acc: 0.910825  test ins_iou: 0.793021
Learning rate: 0.003000
Train 7, loss: 0.196569, train acc: 0.930267, train ins_iou: 0.819874
Test 7, loss: 0.206803, test acc: 0.924192  test ins_iou: 0.809476
Max Acc:0.92419
Max instance iou:0.80948
aero iou: 0.7895665
bag iou: 0.69110906
cap iou: 0.8347925
car iou: 0.7163371
chair iou: 0.88059294
ear iou: 0.6714674
guitar iou: 0.87326306
knife iou: 0.8175473
lamp iou: 0.737905
lapt iou: 0.9443624
moto iou: 0.38310134
mug iou: 0.8758963
Pistol iou: 0.7421158
rock iou: 0.5561868
stake iou: 0.73473376
table iou: 0.8103899
Max class iou:0.75371
Learning rate: 0.003000
Train 8, loss: 0.192126, train acc: 0.931746, train ins_iou: 0.823866
Test 8, loss: 0.216131, test acc: 0.920098  test ins_iou: 0.812956
Max instance iou:0.81296
Learning rate: 0.003000
Train 9, loss: 0.186760, train acc: 0.933691, train ins_iou: 0.827257
Test 9, loss: 0.216595, test acc: 0.920076  test ins_iou: 0.811445
Learning rate: 0.003000
Train 10, loss: 0.182226, train acc: 0.935676, train ins_iou: 0.830965
Test 10, loss: 0.187224, test acc: 0.931601  test ins_iou: 0.823795
Max Acc:0.93160
Max instance iou:0.82379
aero iou: 0.7953466
bag iou: 0.6854979
cap iou: 0.81111014
car iou: 0.7227078
chair iou: 0.8843805
ear iou: 0.74338436
guitar iou: 0.8910109
knife iou: 0.86112654
lamp iou: 0.7803006
lapt iou: 0.9488071
moto iou: 0.46008217
mug iou: 0.91688365
Pistol iou: 0.77955604
rock iou: 0.57374007
stake iou: 0.7441989
table iou: 0.8203011
Max class iou:0.77615
Learning rate: 0.003000
Train 11, loss: 0.177233, train acc: 0.936949, train ins_iou: 0.833816
Test 11, loss: 0.199635, test acc: 0.926973  test ins_iou: 0.813358
Learning rate: 0.003000
Train 12, loss: 0.173670, train acc: 0.938641, train ins_iou: 0.836570
Test 12, loss: 0.198509, test acc: 0.928820  test ins_iou: 0.819376
Learning rate: 0.003000
Train 13, loss: 0.173006, train acc: 0.938718, train ins_iou: 0.837436
Test 13, loss: 0.191001, test acc: 0.931264  test ins_iou: 0.828165
Max instance iou:0.82816
Learning rate: 0.003000
Train 14, loss: 0.168327, train acc: 0.940167, train ins_iou: 0.839766
Test 14, loss: 0.177134, test acc: 0.934891  test ins_iou: 0.828095
Max Acc:0.93489
aero iou: 0.80337775
bag iou: 0.7546649
cap iou: 0.8521588
car iou: 0.7282999
chair iou: 0.89265347
ear iou: 0.7808055
guitar iou: 0.8914794
knife iou: 0.8578714
lamp iou: 0.7961059
lapt iou: 0.9516629
moto iou: 0.34242016
mug iou: 0.9415041
Pistol iou: 0.8155758
rock iou: 0.61722
stake iou: 0.7473581
table iou: 0.8194245
Max class iou:0.78704
Learning rate: 0.003000
Train 15, loss: 0.166465, train acc: 0.940991, train ins_iou: 0.841138
Test 15, loss: 0.185769, test acc: 0.931915  test ins_iou: 0.826341
aero iou: 0.80081874
bag iou: 0.73142856
cap iou: 0.8336601
car iou: 0.71645725
chair iou: 0.8892389
ear iou: 0.62223965
guitar iou: 0.8888757
knife iou: 0.8598472
lamp iou: 0.76057875
lapt iou: 0.9461838
moto iou: 0.6195914
mug iou: 0.9366577
Pistol iou: 0.8100329
rock iou: 0.64065665
stake iou: 0.78946173
table iou: 0.8175775
Max class iou:0.79146
Learning rate: 0.003000
Train 16, loss: 0.163727, train acc: 0.941690, train ins_iou: 0.842712
Test 16, loss: 0.176091, test acc: 0.935812  test ins_iou: 0.833653
Max Acc:0.93581
Max instance iou:0.83365
Learning rate: 0.003000
Train 17, loss: 0.161189, train acc: 0.942598, train ins_iou: 0.844530
Test 17, loss: 0.178573, test acc: 0.935515  test ins_iou: 0.831444
Learning rate: 0.003000
Train 18, loss: 0.158846, train acc: 0.943451, train ins_iou: 0.845610
Test 18, loss: 0.187075, test acc: 0.932444  test ins_iou: 0.828615
Learning rate: 0.003000
Train 19, loss: 0.158113, train acc: 0.943815, train ins_iou: 0.846451
Test 19, loss: 0.174188, test acc: 0.937771  test ins_iou: 0.835698
Max Acc:0.93777
Max instance iou:0.83570
aero iou: 0.8179623
bag iou: 0.7750759
cap iou: 0.8315966
car iou: 0.7614229
chair iou: 0.890131
ear iou: 0.71209955
guitar iou: 0.90666294
knife iou: 0.8727751
lamp iou: 0.78702253
lapt iou: 0.95609397
moto iou: 0.50953126
mug iou: 0.9349094
Pistol iou: 0.7743542
rock iou: 0.61424315
stake iou: 0.8053551
table iou: 0.82499796
Max class iou:0.79839
Learning rate: 0.003000
Train 20, loss: 0.154512, train acc: 0.944668, train ins_iou: 0.848454
Test 20, loss: 0.180473, test acc: 0.933748  test ins_iou: 0.838008
Max instance iou:0.83801
aero iou: 0.81063145
bag iou: 0.72195864
cap iou: 0.84424096
car iou: 0.7705944
chair iou: 0.8931013
ear iou: 0.7235216
guitar iou: 0.9019475
knife iou: 0.8768428
lamp iou: 0.7958631
lapt iou: 0.95601565
moto iou: 0.66934943
mug iou: 0.9289011
Pistol iou: 0.8019911
rock iou: 0.59198433
stake iou: 0.80938876
table iou: 0.81904256
Max class iou:0.80721
Learning rate: 0.003000
Train 21, loss: 0.153190, train acc: 0.945237, train ins_iou: 0.848827
Test 21, loss: 0.174339, test acc: 0.936843  test ins_iou: 0.836447
Learning rate: 0.003000
Train 22, loss: 0.153469, train acc: 0.945323, train ins_iou: 0.849563
Test 22, loss: 0.172144, test acc: 0.938255  test ins_iou: 0.837080
Max Acc:0.93825
aero iou: 0.80476266
bag iou: 0.8013149
cap iou: 0.77275145
car iou: 0.7556676
chair iou: 0.89544183
ear iou: 0.8057455
guitar iou: 0.9021495
knife iou: 0.8767557
lamp iou: 0.79459095
lapt iou: 0.95626307
moto iou: 0.54792243
mug iou: 0.93165475
Pistol iou: 0.792618
rock iou: 0.6337759
stake iou: 0.81958586
table iou: 0.8244333
Max class iou:0.80721
Learning rate: 0.003000
Train 23, loss: 0.150453, train acc: 0.946141, train ins_iou: 0.850929
Test 23, loss: 0.170094, test acc: 0.938300  test ins_iou: 0.840660
Max Acc:0.93830
Max instance iou:0.84066
aero iou: 0.807155
bag iou: 0.784772
cap iou: 0.82012326
car iou: 0.76174116
chair iou: 0.8974892
ear iou: 0.7379058
guitar iou: 0.9068957
knife iou: 0.8746785
lamp iou: 0.80417573
lapt iou: 0.9484409
moto iou: 0.6450287
mug iou: 0.9456271
Pistol iou: 0.8011675
rock iou: 0.605007
stake iou: 0.8061343
table iou: 0.8243803
Max class iou:0.81067
Learning rate: 0.003000
Train 24, loss: 0.146999, train acc: 0.947395, train ins_iou: 0.852831
Test 24, loss: 0.181336, test acc: 0.935028  test ins_iou: 0.835393
Learning rate: 0.003000
Train 25, loss: 0.148344, train acc: 0.946705, train ins_iou: 0.852560
Test 25, loss: 0.174063, test acc: 0.937494  test ins_iou: 0.837866
Learning rate: 0.003000
Train 26, loss: 0.144445, train acc: 0.948304, train ins_iou: 0.854607
Test 26, loss: 0.171984, test acc: 0.938210  test ins_iou: 0.838626
aero iou: 0.8030331
bag iou: 0.7797422
cap iou: 0.8528276
car iou: 0.76941127
chair iou: 0.89241123
ear iou: 0.7795747
guitar iou: 0.90157944
knife iou: 0.8864539
lamp iou: 0.7992568
lapt iou: 0.94897866
moto iou: 0.5939031
mug iou: 0.9304123
Pistol iou: 0.77732205
rock iou: 0.6475273
stake iou: 0.8066403
table iou: 0.8267666
Max class iou:0.81224
Learning rate: 0.003000
Train 27, loss: 0.143785, train acc: 0.948309, train ins_iou: 0.854925
Test 27, loss: 0.167831, test acc: 0.939258  test ins_iou: 0.840243
Max Acc:0.93926
aero iou: 0.8175044
bag iou: 0.760406
cap iou: 0.8475082
car iou: 0.76660144
chair iou: 0.89503825
ear iou: 0.7885259
guitar iou: 0.90755093
knife iou: 0.87605584
lamp iou: 0.79382235
lapt iou: 0.9550749
moto iou: 0.6261898
mug iou: 0.92258054
Pistol iou: 0.78987044
rock iou: 0.6208922
stake iou: 0.8132604
table iou: 0.824002
Max class iou:0.81281
Learning rate: 0.003000
Train 28, loss: 0.141852, train acc: 0.949082, train ins_iou: 0.856077
Test 28, loss: 0.185711, test acc: 0.935492  test ins_iou: 0.836846
Learning rate: 0.003000
Train 29, loss: 0.140689, train acc: 0.949314, train ins_iou: 0.856539
Test 29, loss: 0.169049, test acc: 0.940019  test ins_iou: 0.842028
Max Acc:0.94002
Max instance iou:0.84203
aero iou: 0.82209843
bag iou: 0.7905718
cap iou: 0.8642099
car iou: 0.77255386
chair iou: 0.89619696
ear iou: 0.76451916
guitar iou: 0.8930999
knife iou: 0.87899315
lamp iou: 0.7794665
lapt iou: 0.9544435
moto iou: 0.6947281
mug iou: 0.9472923
Pistol iou: 0.8002115
rock iou: 0.6041339
stake iou: 0.8077144
table iou: 0.8278213
Max class iou:0.81863
Learning rate: 0.003000
Train 30, loss: 0.139580, train acc: 0.949806, train ins_iou: 0.857293
Test 30, loss: 0.173052, test acc: 0.938716  test ins_iou: 0.842767
Max instance iou:0.84277
Learning rate: 0.003000
Train 31, loss: 0.137529, train acc: 0.950422, train ins_iou: 0.858471
Test 31, loss: 0.166521, test acc: 0.939989  test ins_iou: 0.843100
Max instance iou:0.84310
aero iou: 0.8255207
bag iou: 0.78821504
cap iou: 0.86817795
car iou: 0.7773782
chair iou: 0.89705414
ear iou: 0.7614209
guitar iou: 0.90798545
knife iou: 0.87304145
lamp iou: 0.7878427
lapt iou: 0.9500613
moto iou: 0.653853
mug iou: 0.94239694
Pistol iou: 0.7961872
rock iou: 0.67414683
stake iou: 0.8304863
table iou: 0.8249456
Max class iou:0.82242
Learning rate: 0.003000
Train 32, loss: 0.136536, train acc: 0.950632, train ins_iou: 0.858798
Test 32, loss: 0.164751, test acc: 0.940522  test ins_iou: 0.846712
Max Acc:0.94052
Max instance iou:0.84671
aero iou: 0.8154
bag iou: 0.7730022
cap iou: 0.8519177
car iou: 0.77243465
chair iou: 0.8970388
ear iou: 0.77775013
guitar iou: 0.90967757
knife iou: 0.8756444
lamp iou: 0.81286734
lapt iou: 0.9530124
moto iou: 0.71467906
mug iou: 0.9499592
Pistol iou: 0.81700844
rock iou: 0.64908594
stake iou: 0.8089267
table iou: 0.82915854
Max class iou:0.82547
Learning rate: 0.003000
Train 33, loss: 0.133814, train acc: 0.951619, train ins_iou: 0.860646
Test 33, loss: 0.164210, test acc: 0.940931  test ins_iou: 0.847676
Max Acc:0.94093
Max instance iou:0.84768
Learning rate: 0.003000
Train 34, loss: 0.133747, train acc: 0.951544, train ins_iou: 0.860781
Test 34, loss: 0.165600, test acc: 0.940548  test ins_iou: 0.845405
Learning rate: 0.003000
Train 35, loss: 0.132467, train acc: 0.952258, train ins_iou: 0.861667
Test 35, loss: 0.167901, test acc: 0.939849  test ins_iou: 0.844566
Learning rate: 0.003000
Train 36, loss: 0.130498, train acc: 0.952603, train ins_iou: 0.862262
Test 36, loss: 0.166239, test acc: 0.941013  test ins_iou: 0.846020
Max Acc:0.94101
aero iou: 0.82477844
bag iou: 0.8052692
cap iou: 0.8936157
car iou: 0.7826572
chair iou: 0.8964835
ear iou: 0.7356429
guitar iou: 0.905516
knife iou: 0.8773594
lamp iou: 0.80370927
lapt iou: 0.95753175
moto iou: 0.71718127
mug iou: 0.9535343
Pistol iou: 0.82899415
rock iou: 0.6089965
stake iou: 0.80318177
table iou: 0.8243277
Max class iou:0.82617
Learning rate: 0.003000
Train 37, loss: 0.130819, train acc: 0.952458, train ins_iou: 0.862228
Test 37, loss: 0.162064, test acc: 0.941969  test ins_iou: 0.847466
Max Acc:0.94197
Learning rate: 0.003000
Train 38, loss: 0.129995, train acc: 0.952928, train ins_iou: 0.863075
Test 38, loss: 0.168677, test acc: 0.940098  test ins_iou: 0.845863
Learning rate: 0.003000
Train 39, loss: 0.129911, train acc: 0.952603, train ins_iou: 0.863438
Test 39, loss: 0.163704, test acc: 0.941266  test ins_iou: 0.846926
Learning rate: 0.001500
Train 40, loss: 0.127001, train acc: 0.953545, train ins_iou: 0.864566
Test 40, loss: 0.165305, test acc: 0.941175  test ins_iou: 0.846268
Learning rate: 0.001500
Train 41, loss: 0.117088, train acc: 0.957067, train ins_iou: 0.870874
Test 41, loss: 0.161484, test acc: 0.943155  test ins_iou: 0.850634
Max Acc:0.94316
Max instance iou:0.85063
aero iou: 0.8278992
bag iou: 0.81661576
cap iou: 0.85679936
car iou: 0.78994614
chair iou: 0.8998522
ear iou: 0.77661276
guitar iou: 0.9044106
knife iou: 0.8805733
lamp iou: 0.81047386
lapt iou: 0.95783997
moto iou: 0.7390609
mug iou: 0.9463812
Pistol iou: 0.8117989
rock iou: 0.5907108
stake iou: 0.81702155
table iou: 0.8314142
Max class iou:0.82859
Learning rate: 0.001500
Train 42, loss: 0.114538, train acc: 0.957866, train ins_iou: 0.872216
Test 42, loss: 0.162600, test acc: 0.942160  test ins_iou: 0.850982
Max instance iou:0.85098
aero iou: 0.8299273
bag iou: 0.81307477
cap iou: 0.8781655
car iou: 0.79152036
chair iou: 0.9012684
ear iou: 0.7937121
guitar iou: 0.9112947
knife iou: 0.8770627
lamp iou: 0.8052542
lapt iou: 0.9515113
moto iou: 0.7320535
mug iou: 0.95438373
Pistol iou: 0.82071394
rock iou: 0.6217863
stake iou: 0.82573515
table iou: 0.83006877
Max class iou:0.83360
Learning rate: 0.001500
Train 43, loss: 0.113352, train acc: 0.958205, train ins_iou: 0.872982
Test 43, loss: 0.162111, test acc: 0.943290  test ins_iou: 0.852060
Max Acc:0.94329
Max instance iou:0.85206
Learning rate: 0.001500
Train 44, loss: 0.112325, train acc: 0.958630, train ins_iou: 0.874028
Test 44, loss: 0.164994, test acc: 0.942188  test ins_iou: 0.848942
aero iou: 0.82789564
bag iou: 0.8310403
cap iou: 0.8703907
car iou: 0.7743985
chair iou: 0.89674914
ear iou: 0.7598566
guitar iou: 0.9133321
knife iou: 0.87997466
lamp iou: 0.8086948
lapt iou: 0.95701325
moto iou: 0.7353795
mug iou: 0.94893056
Pistol iou: 0.8294956
rock iou: 0.67369026
stake iou: 0.81318754
table iou: 0.82823354
Max class iou:0.83427
Learning rate: 0.001500
Train 45, loss: 0.111006, train acc: 0.959036, train ins_iou: 0.874659
Test 45, loss: 0.162611, test acc: 0.943510  test ins_iou: 0.851304
Max Acc:0.94351
Learning rate: 0.001500
Train 46, loss: 0.110175, train acc: 0.959294, train ins_iou: 0.875464
Test 46, loss: 0.161098, test acc: 0.944056  test ins_iou: 0.853256
Max Acc:0.94406
Max instance iou:0.85326
Learning rate: 0.001500
Train 47, loss: 0.109348, train acc: 0.959520, train ins_iou: 0.875704
Test 47, loss: 0.163104, test acc: 0.943308  test ins_iou: 0.849942
Learning rate: 0.001500
Train 48, loss: 0.108228, train acc: 0.959904, train ins_iou: 0.876329
Test 48, loss: 0.168347, test acc: 0.942631  test ins_iou: 0.850018
Learning rate: 0.001500
Train 49, loss: 0.107675, train acc: 0.960087, train ins_iou: 0.876492
Test 49, loss: 0.164799, test acc: 0.943447  test ins_iou: 0.851942
Learning rate: 0.001500
Train 50, loss: 0.107357, train acc: 0.960153, train ins_iou: 0.876885
Test 50, loss: 0.164050, test acc: 0.943552  test ins_iou: 0.851747
Learning rate: 0.001500
Train 51, loss: 0.105647, train acc: 0.960811, train ins_iou: 0.878207
Test 51, loss: 0.166704, test acc: 0.942950  test ins_iou: 0.850261
Learning rate: 0.001500
Train 52, loss: 0.104672, train acc: 0.961052, train ins_iou: 0.878681
Test 52, loss: 0.168761, test acc: 0.942713  test ins_iou: 0.851088
Learning rate: 0.001500
Train 53, loss: 0.103818, train acc: 0.961381, train ins_iou: 0.879095
Test 53, loss: 0.165212, test acc: 0.943707  test ins_iou: 0.852399
Learning rate: 0.001500
Train 54, loss: 0.103771, train acc: 0.961264, train ins_iou: 0.879082
Test 54, loss: 0.164173, test acc: 0.943866  test ins_iou: 0.852808
Learning rate: 0.001500
Train 55, loss: 0.103357, train acc: 0.961499, train ins_iou: 0.879551
Test 55, loss: 0.167232, test acc: 0.943585  test ins_iou: 0.852100
Learning rate: 0.001500
Train 56, loss: 0.102424, train acc: 0.961779, train ins_iou: 0.879968
Test 56, loss: 0.163459, test acc: 0.943741  test ins_iou: 0.851774
Learning rate: 0.001500
Train 57, loss: 0.101380, train acc: 0.962108, train ins_iou: 0.880734
Test 57, loss: 0.167111, test acc: 0.943448  test ins_iou: 0.851984
Learning rate: 0.001500
Train 58, loss: 0.100818, train acc: 0.962305, train ins_iou: 0.881377
Test 58, loss: 0.170570, test acc: 0.942472  test ins_iou: 0.850266
Learning rate: 0.001500
Train 59, loss: 0.099665, train acc: 0.962647, train ins_iou: 0.881701
Test 59, loss: 0.170131, test acc: 0.943221  test ins_iou: 0.852068
Learning rate: 0.001500
Train 60, loss: 0.099533, train acc: 0.962714, train ins_iou: 0.882384
Test 60, loss: 0.168749, test acc: 0.943328  test ins_iou: 0.850042
Learning rate: 0.001500
Train 61, loss: 0.099141, train acc: 0.962936, train ins_iou: 0.882840
Test 61, loss: 0.174242, test acc: 0.942829  test ins_iou: 0.851483
Learning rate: 0.001500
Train 62, loss: 0.097871, train acc: 0.963242, train ins_iou: 0.883354
Test 62, loss: 0.168650, test acc: 0.943503  test ins_iou: 0.852684
Learning rate: 0.001500
Train 63, loss: 0.097406, train acc: 0.963476, train ins_iou: 0.883992
Test 63, loss: 0.168480, test acc: 0.943353  test ins_iou: 0.851418
Learning rate: 0.001500
Train 64, loss: 0.096863, train acc: 0.963564, train ins_iou: 0.884259
Test 64, loss: 0.170481, test acc: 0.943638  test ins_iou: 0.851512
Learning rate: 0.001500
Train 65, loss: 0.096995, train acc: 0.963536, train ins_iou: 0.884320
Test 65, loss: 0.166945, test acc: 0.943998  test ins_iou: 0.851094
Learning rate: 0.001500
Train 66, loss: 0.095247, train acc: 0.964141, train ins_iou: 0.885550
Test 66, loss: 0.169463, test acc: 0.943965  test ins_iou: 0.851995
Learning rate: 0.001500
Train 67, loss: 0.094954, train acc: 0.964205, train ins_iou: 0.885575
Test 67, loss: 0.171983, test acc: 0.944237  test ins_iou: 0.852563
Max Acc:0.94424
Learning rate: 0.001500
Train 68, loss: 0.094568, train acc: 0.964224, train ins_iou: 0.885836
Test 68, loss: 0.169526, test acc: 0.943204  test ins_iou: 0.852195
aero iou: 0.8296993
bag iou: 0.80891764
cap iou: 0.88426685
car iou: 0.7973618
chair iou: 0.89942545
ear iou: 0.7971865
guitar iou: 0.9079664
knife iou: 0.8798531
lamp iou: 0.80857503
lapt iou: 0.9590656
moto iou: 0.74671066
mug iou: 0.94210553
Pistol iou: 0.84077966
rock iou: 0.5967813
stake iou: 0.8295161
table iou: 0.8319901
Max class iou:0.83501
Learning rate: 0.001500
Train 69, loss: 0.094555, train acc: 0.964307, train ins_iou: 0.885806
Test 69, loss: 0.170277, test acc: 0.943173  test ins_iou: 0.851236
Learning rate: 0.001500
Train 70, loss: 0.093214, train acc: 0.964759, train ins_iou: 0.887094
Test 70, loss: 0.172671, test acc: 0.943904  test ins_iou: 0.852620
Learning rate: 0.001500
Train 71, loss: 0.093331, train acc: 0.964585, train ins_iou: 0.886734
Test 71, loss: 0.171749, test acc: 0.944421  test ins_iou: 0.853691
Max Acc:0.94442
Max instance iou:0.85369
Learning rate: 0.001500
Train 72, loss: 0.092137, train acc: 0.965092, train ins_iou: 0.887439
Test 72, loss: 0.173469, test acc: 0.943092  test ins_iou: 0.851862
Learning rate: 0.001500
Train 73, loss: 0.091790, train acc: 0.965192, train ins_iou: 0.888054
Test 73, loss: 0.172944, test acc: 0.943891  test ins_iou: 0.853457
Learning rate: 0.001500
Train 74, loss: 0.091271, train acc: 0.965312, train ins_iou: 0.888405
Test 74, loss: 0.176031, test acc: 0.943293  test ins_iou: 0.852482
Learning rate: 0.001500
Train 75, loss: 0.091020, train acc: 0.965392, train ins_iou: 0.888559
Test 75, loss: 0.172992, test acc: 0.943669  test ins_iou: 0.852876
Learning rate: 0.001500
Train 76, loss: 0.090879, train acc: 0.965571, train ins_iou: 0.889112
Test 76, loss: 0.176039, test acc: 0.943606  test ins_iou: 0.851483
Learning rate: 0.001500
Train 77, loss: 0.090458, train acc: 0.965521, train ins_iou: 0.888801
Test 77, loss: 0.176779, test acc: 0.943798  test ins_iou: 0.852480
Learning rate: 0.001500
Train 78, loss: 0.089436, train acc: 0.965817, train ins_iou: 0.889546
Test 78, loss: 0.175278, test acc: 0.943667  test ins_iou: 0.853056
Learning rate: 0.001500
Train 79, loss: 0.088843, train acc: 0.966174, train ins_iou: 0.890051
Test 79, loss: 0.175734, test acc: 0.943312  test ins_iou: 0.852123
Learning rate: 0.000750
Train 80, loss: 0.088620, train acc: 0.966217, train ins_iou: 0.890561
Test 80, loss: 0.173363, test acc: 0.943815  test ins_iou: 0.852977
Learning rate: 0.000750
Train 81, loss: 0.083980, train acc: 0.967800, train ins_iou: 0.893956
Test 81, loss: 0.176011, test acc: 0.944693  test ins_iou: 0.854754
Max Acc:0.94469
Max instance iou:0.85475
aero iou: 0.8307458
bag iou: 0.81440055
cap iou: 0.88393587
car iou: 0.7958871
chair iou: 0.90071756
ear iou: 0.7489688
guitar iou: 0.9164831
knife iou: 0.8769473
lamp iou: 0.810173
lapt iou: 0.9595481
moto iou: 0.7590423
mug iou: 0.9541119
Pistol iou: 0.8381842
rock iou: 0.6305053
stake iou: 0.8194195
table iou: 0.8369928
Max class iou:0.83600
Learning rate: 0.000750
Train 82, loss: 0.082563, train acc: 0.968271, train ins_iou: 0.894900
Test 82, loss: 0.176984, test acc: 0.945079  test ins_iou: 0.855105
Max Acc:0.94508
Max instance iou:0.85510
aero iou: 0.830252
bag iou: 0.8390633
cap iou: 0.850543
car iou: 0.79669887
chair iou: 0.90175056
ear iou: 0.7820874
guitar iou: 0.91854465
knife iou: 0.88092595
lamp iou: 0.8176485
lapt iou: 0.9584446
moto iou: 0.74632996
mug iou: 0.94548535
Pistol iou: 0.8306698
rock iou: 0.6364544
stake iou: 0.83237547
table iou: 0.8346578
Max class iou:0.83762
Learning rate: 0.000750
Train 83, loss: 0.082181, train acc: 0.968408, train ins_iou: 0.895149
Test 83, loss: 0.175709, test acc: 0.944665  test ins_iou: 0.854729
Learning rate: 0.000750
Train 84, loss: 0.081701, train acc: 0.968623, train ins_iou: 0.896186
Test 84, loss: 0.175965, test acc: 0.945055  test ins_iou: 0.854011
Learning rate: 0.000750
Train 85, loss: 0.081048, train acc: 0.968710, train ins_iou: 0.896267
Test 85, loss: 0.177800, test acc: 0.945227  test ins_iou: 0.855458
Max Acc:0.94523
Max instance iou:0.85546
aero iou: 0.8287373
bag iou: 0.82443315
cap iou: 0.87935823
car iou: 0.7978555
chair iou: 0.9003641
ear iou: 0.77204317
guitar iou: 0.9172846
knife iou: 0.87616605
lamp iou: 0.81850535
lapt iou: 0.95977783
moto iou: 0.7447325
mug iou: 0.94631404
Pistol iou: 0.83338374
rock iou: 0.63604206
stake iou: 0.8330123
table iou: 0.83760023
Max class iou:0.83785
Learning rate: 0.000750
Train 86, loss: 0.080632, train acc: 0.968934, train ins_iou: 0.896674
Test 86, loss: 0.178196, test acc: 0.944713  test ins_iou: 0.855020
Learning rate: 0.000750
Train 87, loss: 0.080483, train acc: 0.968872, train ins_iou: 0.896939
Test 87, loss: 0.178893, test acc: 0.944966  test ins_iou: 0.855630
Max instance iou:0.85563
Learning rate: 0.000750
Train 88, loss: 0.080370, train acc: 0.968999, train ins_iou: 0.897161
Test 88, loss: 0.180594, test acc: 0.944311  test ins_iou: 0.854828
aero iou: 0.83268017
bag iou: 0.8081667
cap iou: 0.8826509
car iou: 0.795391
chair iou: 0.9010737
ear iou: 0.78594387
guitar iou: 0.91818964
knife iou: 0.8848092
lamp iou: 0.8182133
lapt iou: 0.9593312
moto iou: 0.75839096
mug iou: 0.9551708
Pistol iou: 0.82976437
rock iou: 0.62837344
stake iou: 0.8195064
table iou: 0.8324752
Max class iou:0.83813
Learning rate: 0.000750
Train 89, loss: 0.079862, train acc: 0.969100, train ins_iou: 0.896983
Test 89, loss: 0.178588, test acc: 0.944996  test ins_iou: 0.855243
Learning rate: 0.000750
Train 90, loss: 0.079249, train acc: 0.969336, train ins_iou: 0.897504
Test 90, loss: 0.181617, test acc: 0.945100  test ins_iou: 0.855794
Max instance iou:0.85579
Learning rate: 0.000750
Train 91, loss: 0.079268, train acc: 0.969286, train ins_iou: 0.897416
Test 91, loss: 0.179344, test acc: 0.945274  test ins_iou: 0.855875
Max Acc:0.94527
Max instance iou:0.85587
Learning rate: 0.000750
Train 92, loss: 0.079015, train acc: 0.969433, train ins_iou: 0.898420
Test 92, loss: 0.178796, test acc: 0.945279  test ins_iou: 0.855475
Max Acc:0.94528
Learning rate: 0.000750
Train 93, loss: 0.078557, train acc: 0.969551, train ins_iou: 0.898362
Test 93, loss: 0.183167, test acc: 0.944290  test ins_iou: 0.854141
Learning rate: 0.000750
Train 94, loss: 0.078266, train acc: 0.969688, train ins_iou: 0.898691
Test 94, loss: 0.181762, test acc: 0.945115  test ins_iou: 0.854536
Learning rate: 0.000750
Train 95, loss: 0.078010, train acc: 0.969737, train ins_iou: 0.899315
Test 95, loss: 0.180028, test acc: 0.945478  test ins_iou: 0.856172
Max Acc:0.94548
Max instance iou:0.85617
Learning rate: 0.000750
Train 96, loss: 0.077598, train acc: 0.969811, train ins_iou: 0.899488
Test 96, loss: 0.183398, test acc: 0.944804  test ins_iou: 0.854265
Learning rate: 0.000750
Train 97, loss: 0.077905, train acc: 0.969763, train ins_iou: 0.898889
Test 97, loss: 0.181498, test acc: 0.944667  test ins_iou: 0.855184
Learning rate: 0.000750
Train 98, loss: 0.076996, train acc: 0.970054, train ins_iou: 0.899963
Test 98, loss: 0.183163, test acc: 0.944819  test ins_iou: 0.855426
Learning rate: 0.000750
Train 99, loss: 0.076744, train acc: 0.970184, train ins_iou: 0.900044
Test 99, loss: 0.182646, test acc: 0.945136  test ins_iou: 0.854977
Learning rate: 0.000750
Train 100, loss: 0.076570, train acc: 0.970200, train ins_iou: 0.899863
Test 100, loss: 0.182252, test acc: 0.945006  test ins_iou: 0.855526
aero iou: 0.8309287
bag iou: 0.84099835
cap iou: 0.8920038
car iou: 0.7982645
chair iou: 0.8997539
ear iou: 0.7524611
guitar iou: 0.9174149
knife iou: 0.88568056
lamp iou: 0.82088906
lapt iou: 0.95969456
moto iou: 0.752251
mug iou: 0.95132107
Pistol iou: 0.84019285
rock iou: 0.61071986
stake iou: 0.82680565
table iou: 0.8351011
Max class iou:0.83841
Learning rate: 0.000750
Train 101, loss: 0.075843, train acc: 0.970438, train ins_iou: 0.900752
Test 101, loss: 0.179171, test acc: 0.945498  test ins_iou: 0.854824
Max Acc:0.94550
Learning rate: 0.000750
Train 102, loss: 0.076168, train acc: 0.970351, train ins_iou: 0.900752
Test 102, loss: 0.184871, test acc: 0.944609  test ins_iou: 0.854444
Learning rate: 0.000750
Train 103, loss: 0.075668, train acc: 0.970482, train ins_iou: 0.901105
Test 103, loss: 0.183148, test acc: 0.944682  test ins_iou: 0.854602
Learning rate: 0.000750
Train 104, loss: 0.075414, train acc: 0.970430, train ins_iou: 0.900870
Test 104, loss: 0.186746, test acc: 0.944551  test ins_iou: 0.853160
Learning rate: 0.000750
Train 105, loss: 0.075021, train acc: 0.970728, train ins_iou: 0.901508
Test 105, loss: 0.182530, test acc: 0.945075  test ins_iou: 0.854957
Learning rate: 0.000750
Train 106, loss: 0.075073, train acc: 0.970734, train ins_iou: 0.901529
Test 106, loss: 0.185480, test acc: 0.944525  test ins_iou: 0.854312
Learning rate: 0.000750
Train 107, loss: 0.074751, train acc: 0.970785, train ins_iou: 0.901567
Test 107, loss: 0.181677, test acc: 0.945353  test ins_iou: 0.855175
Learning rate: 0.000750
Train 108, loss: 0.074847, train acc: 0.970708, train ins_iou: 0.901696
Test 108, loss: 0.187563, test acc: 0.944854  test ins_iou: 0.855386
Learning rate: 0.000750
Train 109, loss: 0.074317, train acc: 0.970918, train ins_iou: 0.901742
Test 109, loss: 0.182689, test acc: 0.945462  test ins_iou: 0.855104
Learning rate: 0.000750
Train 110, loss: 0.074020, train acc: 0.971040, train ins_iou: 0.902548
Test 110, loss: 0.185582, test acc: 0.944641  test ins_iou: 0.853550
Learning rate: 0.000750
Train 111, loss: 0.073662, train acc: 0.971174, train ins_iou: 0.902895
Test 111, loss: 0.185258, test acc: 0.945534  test ins_iou: 0.855216
Max Acc:0.94553
Learning rate: 0.000750
Train 112, loss: 0.073250, train acc: 0.971318, train ins_iou: 0.902951
Test 112, loss: 0.186987, test acc: 0.944760  test ins_iou: 0.855013
Learning rate: 0.000750
Train 113, loss: 0.072967, train acc: 0.971392, train ins_iou: 0.903348
Test 113, loss: 0.184354, test acc: 0.945251  test ins_iou: 0.856050
Learning rate: 0.000750
Train 114, loss: 0.073073, train acc: 0.971364, train ins_iou: 0.903245
Test 114, loss: 0.185311, test acc: 0.944820  test ins_iou: 0.855800
aero iou: 0.83116496
bag iou: 0.8424412
cap iou: 0.87346035
car iou: 0.7963412
chair iou: 0.89898795
ear iou: 0.7858102
guitar iou: 0.91761374
knife iou: 0.87816525
lamp iou: 0.82140046
lapt iou: 0.9608992
moto iou: 0.7655636
mug iou: 0.95250845
Pistol iou: 0.82867295
rock iou: 0.61931133
stake iou: 0.8236268
table iou: 0.83671504
Max class iou:0.83954
Learning rate: 0.000750
Train 115, loss: 0.072513, train acc: 0.971554, train ins_iou: 0.903657
Test 115, loss: 0.187141, test acc: 0.944851  test ins_iou: 0.855254
Learning rate: 0.000750
Train 116, loss: 0.072433, train acc: 0.971566, train ins_iou: 0.903638
Test 116, loss: 0.187044, test acc: 0.944508  test ins_iou: 0.854310
Learning rate: 0.000750
Train 117, loss: 0.072515, train acc: 0.971495, train ins_iou: 0.903601
Test 117, loss: 0.186937, test acc: 0.944914  test ins_iou: 0.854539
Learning rate: 0.000750
Train 118, loss: 0.071977, train acc: 0.971785, train ins_iou: 0.904199
Test 118, loss: 0.189590, test acc: 0.944279  test ins_iou: 0.854187
Learning rate: 0.000750
Train 119, loss: 0.071959, train acc: 0.971799, train ins_iou: 0.904158
Test 119, loss: 0.185093, test acc: 0.945420  test ins_iou: 0.855708
Learning rate: 0.000375
Train 120, loss: 0.071465, train acc: 0.971887, train ins_iou: 0.904900
Test 120, loss: 0.185943, test acc: 0.945143  test ins_iou: 0.854706
Learning rate: 0.000375
Train 121, loss: 0.069783, train acc: 0.972510, train ins_iou: 0.906169
Test 121, loss: 0.187294, test acc: 0.945373  test ins_iou: 0.855640
Learning rate: 0.000375
Train 122, loss: 0.068950, train acc: 0.972787, train ins_iou: 0.906990
Test 122, loss: 0.188344, test acc: 0.945449  test ins_iou: 0.857252
Max instance iou:0.85725
aero iou: 0.8334982
bag iou: 0.8138528
cap iou: 0.8685488
car iou: 0.79337794
chair iou: 0.90092754
ear iou: 0.7932133
guitar iou: 0.91786504
knife iou: 0.872332
lamp iou: 0.8193851
lapt iou: 0.95979714
moto iou: 0.7592207
mug iou: 0.9552277
Pistol iou: 0.8450468
rock iou: 0.6434531
stake iou: 0.82700795
table iou: 0.8402915
Max class iou:0.84019
Learning rate: 0.000375
Train 123, loss: 0.068507, train acc: 0.972994, train ins_iou: 0.907446
Test 123, loss: 0.190682, test acc: 0.945342  test ins_iou: 0.856125
Learning rate: 0.000375
Train 124, loss: 0.068628, train acc: 0.972837, train ins_iou: 0.907336
Test 124, loss: 0.189904, test acc: 0.945592  test ins_iou: 0.855908
Max Acc:0.94559
Learning rate: 0.000375
Train 125, loss: 0.067987, train acc: 0.973129, train ins_iou: 0.907938
Test 125, loss: 0.191073, test acc: 0.945111  test ins_iou: 0.855845
Learning rate: 0.000375
Train 126, loss: 0.068144, train acc: 0.973122, train ins_iou: 0.908016
Test 126, loss: 0.191204, test acc: 0.945354  test ins_iou: 0.856327
Learning rate: 0.000375
Train 127, loss: 0.067871, train acc: 0.973170, train ins_iou: 0.908285
Test 127, loss: 0.192648, test acc: 0.944884  test ins_iou: 0.855382
Namespace(batch_size=16, epochs=30, eval=False, exp_name='pointMLP_demo1', lr=0.03, manual_seed=None, model='pointMLP', model_type='insiou', momentum=0.9, no_cuda=False, num_points=2048, resume=False, scheduler='step', step=40, test_batch_size=16, use_sgd=False, workers=12)
Using CPU
Namespace(batch_size=16, epochs=30, eval=False, exp_name='pointMLP_demo1', lr=0.03, manual_seed=None, model='pointMLP', model_type='insiou', momentum=0.9, no_cuda=False, num_points=2048, resume=False, scheduler='step', step=40, test_batch_size=16, use_sgd=False, workers=12)
Using CPU
Namespace(batch_size=16, epochs=30, eval=False, exp_name='pointMLP_demo1', lr=0.03, manual_seed=None, model='pointMLP', model_type='insiou', momentum=0.9, no_cuda=False, num_points=2048, resume=False, scheduler='step', step=40, test_batch_size=16, use_sgd=False, workers=12)
Using CPU
Namespace(batch_size=16, epochs=30, eval=False, exp_name='pointMLP_demo1', lr=0.03, manual_seed=None, model='pointMLP', model_type='insiou', momentum=0.9, no_cuda=False, num_points=2048, resume=False, scheduler='step', step=40, test_batch_size=16, use_sgd=False, workers=12)
Using CPU
Namespace(batch_size=16, epochs=30, eval=False, exp_name='pointMLP_demo1', lr=0.03, manual_seed=None, model='pointMLP', model_type='insiou', momentum=0.9, no_cuda=False, num_points=2048, resume=False, scheduler='step', step=40, test_batch_size=16, use_sgd=False, workers=12)
Using CPU
Namespace(batch_size=16, epochs=30, eval=False, exp_name='pointMLP_demo1', lr=0.03, manual_seed=None, model='pointMLP', model_type='insiou', momentum=0.9, no_cuda=False, num_points=2048, resume=False, scheduler='step', step=40, test_batch_size=16, use_sgd=False, workers=12)
Using GPU
Learning rate: 0.030000
Train 1, loss: 1.088079, train acc: 0.651107, train ins_iou: 0.477035
Test 1, loss: 22.695019, test acc: 0.266854  test ins_iou: 0.227121
Max Acc:0.26685
Max instance iou:0.22712
ceiling iou: 0.2267683
floor iou: 0.22944804
wall iou: 0.23608679
beam iou: 0.0
column iou: 0.16159806
window iou: 0.17509583
door iou: 0.22060601
table iou: 0.2172442
chair iou: 0.20901388
sofa iou: 0.13341182
bookcase iou: 0.19406483
board iou: 0.15323068
clutter iou: 0.22449633
Max class iou:0.18316
Learning rate: 0.030000
Train 2, loss: 1.040823, train acc: 0.662621, train ins_iou: 0.503281
Test 2, loss: 11.688003, test acc: 0.305545  test ins_iou: 0.281494
Max Acc:0.30555
Max instance iou:0.28149
ceiling iou: 0.28090727
floor iou: 0.2857934
wall iou: 0.2922675
beam iou: 0.0
column iou: 0.25090426
window iou: 0.24240634
door iou: 0.2829305
table iou: 0.22101693
chair iou: 0.24449806
sofa iou: 0.19129029
bookcase iou: 0.22362578
board iou: 0.16560861
clutter iou: 0.2615519
Max class iou:0.22637
Learning rate: 0.030000
Train 3, loss: 1.005115, train acc: 0.674880, train ins_iou: 0.523574
Test 3, loss: 15.210014, test acc: 0.286929  test ins_iou: 0.247658
Learning rate: 0.030000
Train 4, loss: 0.886321, train acc: 0.709391, train ins_iou: 0.561903
Test 4, loss: 12.844516, test acc: 0.433721  test ins_iou: 0.363434
Max Acc:0.43372
Max instance iou:0.36343
ceiling iou: 0.36360142
floor iou: 0.36760148
wall iou: 0.3682994
beam iou: 0.0
column iou: 0.21671821
window iou: 0.21994808
door iou: 0.3241793
table iou: 0.2845101
chair iou: 0.29679537
sofa iou: 0.2750838
bookcase iou: 0.2470909
board iou: 0.16082147
clutter iou: 0.32268065
Max class iou:0.26518
Learning rate: 0.030000
Train 5, loss: 0.858842, train acc: 0.714916, train ins_iou: 0.567255
Test 5, loss: 3.377770, test acc: 0.393538  test ins_iou: 0.396358
Max instance iou:0.39636
ceiling iou: 0.3968467
floor iou: 0.40294808
wall iou: 0.3252377
beam iou: 0.0
column iou: 0.3256884
window iou: 0.2891847
door iou: 0.2754428
table iou: 0.34079975
chair iou: 0.37314418
sofa iou: 0.3558737
bookcase iou: 0.29463887
board iou: 0.22982848
clutter iou: 0.31125996
Max class iou:0.30161
Learning rate: 0.030000
Train 6, loss: 0.838703, train acc: 0.727272, train ins_iou: 0.582695
Test 6, loss: 3.095263, test acc: 0.442179  test ins_iou: 0.406270
Max Acc:0.44218
Max instance iou:0.40627
ceiling iou: 0.40717906
floor iou: 0.41210172
wall iou: 0.36138245
beam iou: 0.0
column iou: 0.29631132
window iou: 0.24241331
door iou: 0.32409328
table iou: 0.32878035
chair iou: 0.3292992
sofa iou: 0.38419122
bookcase iou: 0.28613532
board iou: 0.25140178
clutter iou: 0.33058262
Max class iou:0.30414
Learning rate: 0.030000
Train 7, loss: 0.796645, train acc: 0.739225, train ins_iou: 0.590924
Test 7, loss: 2.458364, test acc: 0.488364  test ins_iou: 0.439741
Max Acc:0.48836
Max instance iou:0.43974
ceiling iou: 0.44090322
floor iou: 0.44634697
wall iou: 0.39289317
beam iou: 0.0
column iou: 0.33582586
window iou: 0.29791495
door iou: 0.34903696
table iou: 0.35783705
chair iou: 0.36432225
sofa iou: 0.3738104
bookcase iou: 0.30110982
board iou: 0.25080484
clutter iou: 0.3490743
Max class iou:0.32768
Learning rate: 0.030000
Train 8, loss: 0.772067, train acc: 0.745565, train ins_iou: 0.598596
Test 8, loss: 1.713201, test acc: 0.610253  test ins_iou: 0.590954
Max Acc:0.61025
Max instance iou:0.59095
ceiling iou: 0.593328
floor iou: 0.59644395
wall iou: 0.5214104
beam iou: 0.0
column iou: 0.44015443
window iou: 0.4246969
door iou: 0.453981
table iou: 0.5310618
chair iou: 0.55944115
sofa iou: 0.52231807
bookcase iou: 0.42730072
board iou: 0.43645948
clutter iou: 0.5142731
Max class iou:0.46314
Learning rate: 0.030000
Train 9, loss: 0.771844, train acc: 0.748663, train ins_iou: 0.600106
Test 9, loss: 2.683968, test acc: 0.502531  test ins_iou: 0.499612
Learning rate: 0.030000
Train 10, loss: 0.732324, train acc: 0.759377, train ins_iou: 0.614087
Test 10, loss: 2.646436, test acc: 0.458806  test ins_iou: 0.448049
Learning rate: 0.030000
Train 11, loss: 0.738082, train acc: 0.757713, train ins_iou: 0.614748
Test 11, loss: 2.495689, test acc: 0.562897  test ins_iou: 0.552272
Learning rate: 0.030000
Train 12, loss: 0.732067, train acc: 0.760657, train ins_iou: 0.615359
Test 12, loss: 20.422642, test acc: 0.412791  test ins_iou: 0.400754
Learning rate: 0.030000
Train 13, loss: 0.728054, train acc: 0.761364, train ins_iou: 0.614981
Test 13, loss: 3.623052, test acc: 0.404197  test ins_iou: 0.382732
Learning rate: 0.030000
Train 14, loss: 0.693799, train acc: 0.770717, train ins_iou: 0.631059
Test 14, loss: 2.458536, test acc: 0.557168  test ins_iou: 0.532240
Learning rate: 0.030000
Train 15, loss: 0.690183, train acc: 0.773885, train ins_iou: 0.634189
Test 15, loss: 4.930561, test acc: 0.434471  test ins_iou: 0.394429
Learning rate: 0.030000
Train 16, loss: 0.683517, train acc: 0.775880, train ins_iou: 0.634736
Test 16, loss: 3.824141, test acc: 0.377246  test ins_iou: 0.362019
Learning rate: 0.030000
Train 17, loss: 0.734409, train acc: 0.759000, train ins_iou: 0.613340
Test 17, loss: 3.582204, test acc: 0.463372  test ins_iou: 0.421031
Learning rate: 0.030000
Train 18, loss: 0.672190, train acc: 0.777247, train ins_iou: 0.636391
Test 18, loss: 4.080501, test acc: 0.450373  test ins_iou: 0.409556
Learning rate: 0.030000
Train 19, loss: 0.660593, train acc: 0.781011, train ins_iou: 0.643538
Test 19, loss: 6.977937, test acc: 0.448233  test ins_iou: 0.421519
Learning rate: 0.030000
Train 20, loss: 0.671823, train acc: 0.777655, train ins_iou: 0.639721
Test 20, loss: 4.924989, test acc: 0.417350  test ins_iou: 0.391037
Learning rate: 0.030000
Train 21, loss: 0.660134, train acc: 0.782740, train ins_iou: 0.641309
Test 21, loss: 3.980436, test acc: 0.459514  test ins_iou: 0.437544
Learning rate: 0.030000
Train 22, loss: 0.633144, train acc: 0.791323, train ins_iou: 0.655693
Test 22, loss: 4.335003, test acc: 0.406407  test ins_iou: 0.420640
Learning rate: 0.030000
Train 23, loss: 0.729861, train acc: 0.770230, train ins_iou: 0.625676
Test 23, loss: 149.313652, test acc: 0.503247  test ins_iou: 0.455800
Learning rate: 0.030000
Train 24, loss: 0.643056, train acc: 0.786850, train ins_iou: 0.646238
Test 24, loss: 3.639020, test acc: 0.403887  test ins_iou: 0.404934
Learning rate: 0.030000
Train 25, loss: 0.625211, train acc: 0.793896, train ins_iou: 0.655491
Test 25, loss: 3.564224, test acc: 0.471649  test ins_iou: 0.436115
Learning rate: 0.030000
Train 26, loss: 0.607681, train acc: 0.798867, train ins_iou: 0.663608
Test 26, loss: 3.886103, test acc: 0.416250  test ins_iou: 0.407388
Learning rate: 0.030000
Train 27, loss: 0.588350, train acc: 0.805728, train ins_iou: 0.671849
Test 27, loss: 4.068944, test acc: 0.455882  test ins_iou: 0.421763
Learning rate: 0.030000
Train 28, loss: 0.581161, train acc: 0.809217, train ins_iou: 0.674900
Test 28, loss: 4.250010, test acc: 0.402388  test ins_iou: 0.397222
Learning rate: 0.030000
Train 29, loss: 0.569703, train acc: 0.812409, train ins_iou: 0.679155
Test 29, loss: 4.101479, test acc: 0.426642  test ins_iou: 0.417505
Learning rate: 0.030000
Train 30, loss: 0.565422, train acc: 0.811611, train ins_iou: 0.678959
Test 30, loss: 3.829358, test acc: 0.446972  test ins_iou: 0.422475
Final Max Acc:0.61025
Final Max instance iou:0.59095
Final Max class iou:0.46314
Namespace(batch_size=16, epochs=30, eval=False, exp_name='pointMLP_demo1', lr=0.03, manual_seed=None, model='pointMLP', model_type='insiou', momentum=0.9, no_cuda=False, num_points=2048, resume=False, scheduler='step', step=40, test_batch_size=16, use_sgd=False, workers=12)
Using GPU
Learning rate: 0.030000
Train 1, loss: 1.088877, train acc: 0.650879, train ins_iou: 0.481278
Test 1, loss: 20.042414, test acc: 0.247885  test ins_iou: 0.277190
Max Acc:0.24788
Max instance iou:0.27719
ceiling iou: 0.2775643
floor iou: 0.28567874
wall iou: 0.20900036
beam iou: 0.0
column iou: 0.27071005
window iou: 0.2503574
door iou: 0.22330894
table iou: 0.19272631
chair iou: 0.25503457
sofa iou: 0.23011951
bookcase iou: 0.16753325
board iou: 0.19663285
clutter iou: 0.23070987
Max class iou:0.21457
Learning rate: 0.030000
Train 2, loss: 1.030606, train acc: 0.664696, train ins_iou: 0.512025
Test 2, loss: 13.545636, test acc: 0.349910  test ins_iou: 0.252553
Max Acc:0.34991
Learning rate: 0.030000
Train 3, loss: 1.006978, train acc: 0.669281, train ins_iou: 0.520047
Test 3, loss: 15.475409, test acc: 0.411318  test ins_iou: 0.313094
Max Acc:0.41132
Max instance iou:0.31309
ceiling iou: 0.31230783
floor iou: 0.31850335
wall iou: 0.33044574
beam iou: 0.0
column iou: 0.16814215
window iou: 0.1739497
door iou: 0.31304693
table iou: 0.22819653
chair iou: 0.2277995
sofa iou: 0.25872853
bookcase iou: 0.21625604
board iou: 0.26004374
clutter iou: 0.2706303
Max class iou:0.23677
Learning rate: 0.030000
Train 4, loss: 0.988345, train acc: 0.673479, train ins_iou: 0.527221
Test 4, loss: 8.000613, test acc: 0.301308  test ins_iou: 0.276648
Learning rate: 0.030000
Train 5, loss: 0.934694, train acc: 0.693541, train ins_iou: 0.547873
Test 5, loss: 2.145482, test acc: 0.461456  test ins_iou: 0.414304
Max Acc:0.46146
Max instance iou:0.41430
ceiling iou: 0.41466278
floor iou: 0.42061824
wall iou: 0.36558568
beam iou: 0.0
column iou: 0.29659164
window iou: 0.3146086
door iou: 0.32733288
table iou: 0.26671082
chair iou: 0.29915413
sofa iou: 0.40024918
bookcase iou: 0.24734561
board iou: 0.24936852
clutter iou: 0.32999396
Max class iou:0.30248
Learning rate: 0.030000
Train 6, loss: 0.911885, train acc: 0.704622, train ins_iou: 0.562618
Test 6, loss: 8.132980, test acc: 0.315645  test ins_iou: 0.320434
Learning rate: 0.030000
Train 7, loss: 0.861771, train acc: 0.718234, train ins_iou: 0.577049
Test 7, loss: 3.315378, test acc: 0.555175  test ins_iou: 0.545127
Max Acc:0.55518
Max instance iou:0.54513
ceiling iou: 0.54728067
floor iou: 0.5497931
wall iou: 0.4812186
beam iou: 0.0
column iou: 0.39785993
window iou: 0.3430572
door iou: 0.42520997
table iou: 0.5028129
chair iou: 0.55085474
sofa iou: 0.5014595
bookcase iou: 0.4156247
board iou: 0.41232228
clutter iou: 0.480643
Max class iou:0.43140
Learning rate: 0.030000
Train 8, loss: 0.848852, train acc: 0.724358, train ins_iou: 0.583946
Test 8, loss: 2.866125, test acc: 0.470946  test ins_iou: 0.431851
Learning rate: 0.030000
Train 9, loss: 0.826702, train acc: 0.731337, train ins_iou: 0.585916
Test 9, loss: 3.963921, test acc: 0.397621  test ins_iou: 0.343868
Learning rate: 0.030000
Train 10, loss: 0.794059, train acc: 0.741097, train ins_iou: 0.598472
Test 10, loss: 6.061245, test acc: 0.388723  test ins_iou: 0.355994
Learning rate: 0.030000
Train 11, loss: 0.770352, train acc: 0.750299, train ins_iou: 0.607781
Test 11, loss: 5.430684, test acc: 0.442800  test ins_iou: 0.419723
Learning rate: 0.030000
Train 12, loss: 0.765817, train acc: 0.750001, train ins_iou: 0.610710
Test 12, loss: 2.203274, test acc: 0.561910  test ins_iou: 0.558472
Max Acc:0.56191
Max instance iou:0.55847
ceiling iou: 0.56158465
floor iou: 0.56212807
wall iou: 0.5041156
beam iou: 0.0
column iou: 0.4218655
window iou: 0.38104364
door iou: 0.44352326
table iou: 0.5108143
chair iou: 0.4964804
sofa iou: 0.5037845
bookcase iou: 0.4339807
board iou: 0.39980185
clutter iou: 0.50012755
Max class iou:0.43994
Learning rate: 0.030000
Train 13, loss: 0.744209, train acc: 0.756750, train ins_iou: 0.612752
Test 13, loss: 4.580970, test acc: 0.457763  test ins_iou: 0.432637
Learning rate: 0.030000
Train 14, loss: 0.729715, train acc: 0.760607, train ins_iou: 0.622148
Test 14, loss: 3.280130, test acc: 0.480573  test ins_iou: 0.496558
Learning rate: 0.030000
Train 15, loss: 0.730409, train acc: 0.765688, train ins_iou: 0.625023
Test 15, loss: 3.079370, test acc: 0.499693  test ins_iou: 0.494351
Learning rate: 0.030000
Train 16, loss: 0.696391, train acc: 0.773068, train ins_iou: 0.634078
Test 16, loss: 3.040460, test acc: 0.515268  test ins_iou: 0.509549
Learning rate: 0.030000
Train 17, loss: 0.694045, train acc: 0.774158, train ins_iou: 0.637549
Test 17, loss: 3.964171, test acc: 0.417049  test ins_iou: 0.377419
Learning rate: 0.030000
Train 18, loss: 0.685742, train acc: 0.774725, train ins_iou: 0.633794
Test 18, loss: 5.334903, test acc: 0.426485  test ins_iou: 0.389716
Learning rate: 0.030000
Train 19, loss: 0.669633, train acc: 0.781384, train ins_iou: 0.643235
Test 19, loss: 6.379453, test acc: 0.452265  test ins_iou: 0.412569
Learning rate: 0.030000
Train 20, loss: 0.674430, train acc: 0.779351, train ins_iou: 0.640117
Test 20, loss: 5.440193, test acc: 0.421286  test ins_iou: 0.383323
Learning rate: 0.030000
Train 21, loss: 0.651420, train acc: 0.787283, train ins_iou: 0.648454
Test 21, loss: 6.713528, test acc: 0.432495  test ins_iou: 0.399179
Learning rate: 0.030000
Train 22, loss: 0.683307, train acc: 0.780679, train ins_iou: 0.638854
Test 22, loss: 3.681469, test acc: 0.443968  test ins_iou: 0.427001
Learning rate: 0.030000
Train 23, loss: 0.654115, train acc: 0.786669, train ins_iou: 0.647567
Test 23, loss: 4.885369, test acc: 0.407220  test ins_iou: 0.386882
Learning rate: 0.030000
Train 24, loss: 0.640544, train acc: 0.791419, train ins_iou: 0.652491
Test 24, loss: 13.654016, test acc: 0.413132  test ins_iou: 0.392959
Learning rate: 0.030000
Train 25, loss: 0.620968, train acc: 0.795912, train ins_iou: 0.659470
Test 25, loss: 22.282671, test acc: 0.420570  test ins_iou: 0.391328
Learning rate: 0.030000
Train 26, loss: 0.628774, train acc: 0.794381, train ins_iou: 0.655331
Test 26, loss: 6.920619, test acc: 0.414627  test ins_iou: 0.387343
Learning rate: 0.030000
Train 27, loss: 0.604616, train acc: 0.802545, train ins_iou: 0.666227
Test 27, loss: 9.512409, test acc: 0.423943  test ins_iou: 0.390753
Learning rate: 0.030000
Train 28, loss: 0.591176, train acc: 0.807054, train ins_iou: 0.672800
Test 28, loss: 173.517817, test acc: 0.422688  test ins_iou: 0.382613
Learning rate: 0.030000
Train 29, loss: 0.598810, train acc: 0.804090, train ins_iou: 0.670613
Test 29, loss: 23.967355, test acc: 0.418178  test ins_iou: 0.394629
Learning rate: 0.030000
Train 30, loss: 0.600160, train acc: 0.805426, train ins_iou: 0.668412
Test 30, loss: 7.141152, test acc: 0.397339  test ins_iou: 0.378037
Final Max Acc:0.56191
Final Max instance iou:0.55847
Final Max class iou:0.43994
